[debug] [2021-05-27T20:33:54.424Z] ----------------------------------------------------------------------
[debug] [2021-05-27T20:33:54.427Z] Command:       C:\Program Files\nodejs\node.exe C:\Users\alanv\AppData\Roaming\npm\node_modules\firebase-tools\lib\bin\firebase.js init
[debug] [2021-05-27T20:33:54.427Z] CLI Version:   9.12.0
[debug] [2021-05-27T20:33:54.428Z] Platform:      win32
[debug] [2021-05-27T20:33:54.428Z] Node Version:  v14.17.0
[debug] [2021-05-27T20:33:54.429Z] Time:          Thu May 27 2021 14:33:54 GMT-0600 (Mexican Pacific Daylight Time)
[debug] [2021-05-27T20:33:54.429Z] ----------------------------------------------------------------------
[debug] 
[debug] [2021-05-27T20:33:54.442Z] > command requires scopes: ["email","openid","https://www.googleapis.com/auth/cloudplatformprojects.readonly","https://www.googleapis.com/auth/firebase","https://www.googleapis.com/auth/cloud-platform"]
[debug] [2021-05-27T20:33:54.442Z] > authorizing via signed-in user (a271455@uach.mx)
[info] 
     ######## #### ########  ######## ########     ###     ######  ########
     ##        ##  ##     ## ##       ##     ##  ##   ##  ##       ##
     ######    ##  ########  ######   ########  #########  ######  ######
     ##        ##  ##    ##  ##       ##     ## ##     ##       ## ##
     ##       #### ##     ## ######## ########  ##     ##  ######  ########

You're about to initialize a Firebase project in this directory:

  D:\Files\Repos\School\Paradigmas de Programacion\parcial3

[debug] [2021-05-27T21:41:46.772Z] ----------------------------------------------------------------------
[debug] [2021-05-27T21:41:46.775Z] Command:       C:\Program Files\nodejs\node.exe C:\Users\alanv\AppData\Roaming\npm\node_modules\firebase-tools\lib\bin\firebase.js init
[debug] [2021-05-27T21:41:46.776Z] CLI Version:   9.12.0
[debug] [2021-05-27T21:41:46.776Z] Platform:      win32
[debug] [2021-05-27T21:41:46.776Z] Node Version:  v14.17.0
[debug] [2021-05-27T21:41:46.777Z] Time:          Thu May 27 2021 15:41:46 GMT-0600 (Mexican Pacific Daylight Time)
[debug] [2021-05-27T21:41:46.778Z] ----------------------------------------------------------------------
[debug] 
[debug] [2021-05-27T21:41:46.791Z] > command requires scopes: ["email","openid","https://www.googleapis.com/auth/cloudplatformprojects.readonly","https://www.googleapis.com/auth/firebase","https://www.googleapis.com/auth/cloud-platform"]
[debug] [2021-05-27T21:41:46.791Z] > authorizing via signed-in user (a271455@uach.mx)
[info] 
     ######## #### ########  ######## ########     ###     ######  ########
     ##        ##  ##     ## ##       ##     ##  ##   ##  ##       ##
     ######    ##  ########  ######   ########  #########  ######  ######
     ##        ##  ##    ##  ##       ##     ## ##     ##       ## ##
     ##       #### ##     ## ######## ########  ##     ##  ######  ########

You're about to initialize a Firebase project in this directory:

  D:\Files\Repos\School\Paradigmas de Programacion\parcial3

